{
  "RSpec": {
    "coverage": {
      "/Users/nickotter/Desktop/Coding/Google_Drive/Projects/oyster_card_challenge/spec/oyster_card_spec.rb": [
        1,
        1,
        null,
        1,
        1,
        1,
        null,
        null,
        1,
        1,
        1,
        null,
        1,
        2,
        null,
        null,
        1,
        1,
        1,
        1,
        1,
        1,
        null,
        null,
        null,
        null,
        1,
        5,
        null,
        1,
        1,
        1,
        null,
        1,
        1,
        1,
        null,
        1,
        1,
        1,
        null,
        1,
        2,
        null,
        1,
        1,
        null,
        1,
        2,
        null,
        1,
        1,
        4,
        null,
        1,
        1,
        1,
        null,
        1,
        1,
        1,
        1,
        null,
        null,
        null
      ],
      "/Users/nickotter/Desktop/Coding/Google_Drive/Projects/oyster_card_challenge/lib/oyster_card.rb": [
        1,
        1,
        1,
        1,
        null,
        1,
        null,
        1,
        9,
        null,
        null,
        1,
        3,
        2,
        2,
        null,
        null,
        1,
        null,
        1,
        0,
        null,
        null,
        1,
        3,
        null,
        null,
        null,
        1,
        1,
        1,
        1,
        null,
        1,
        1,
        null,
        1,
        5,
        5,
        5,
        null,
        null,
        1,
        5,
        5,
        4,
        4,
        null,
        null,
        1,
        3,
        2,
        2,
        2,
        null,
        null,
        1,
        4,
        null,
        null,
        1,
        null,
        1,
        2,
        null,
        null
      ]
    },
    "timestamp": 1502281367
  }
}
