{
  "RSpec": {
    "coverage": {
      "/Users/nickotter/Desktop/Coding/Google_Drive/Projects/oyster_card_challenge/spec/journey_spec.rb": [
        1,
        1,
        1,
        null,
        1,
        5,
        null,
        1,
        1,
        1,
        1,
        null,
        1,
        1,
        0,
        null,
        1,
        2,
        2,
        null,
        1,
        1,
        null,
        null,
        1,
        1,
        0,
        null,
        null,
        1,
        1,
        0,
        0,
        null,
        null
      ],
      "/Users/nickotter/Desktop/Coding/Google_Drive/Projects/oyster_card_challenge/lib/station.rb": [
        1,
        1,
        null,
        1,
        2,
        2,
        null,
        null
      ],
      "/Users/nickotter/Desktop/Coding/Google_Drive/Projects/oyster_card_challenge/lib/journey.rb": [
        1,
        1,
        null,
        1,
        7,
        7,
        7,
        7,
        null,
        null,
        1,
        3,
        3,
        null,
        null,
        1,
        0,
        null,
        null,
        1,
        0,
        0,
        0,
        0,
        null,
        null
      ],
      "/Users/nickotter/Desktop/Coding/Google_Drive/Projects/oyster_card_challenge/lib/oyster_card.rb": [
        1,
        1,
        null,
        1,
        1,
        1,
        null,
        1,
        1,
        null,
        1,
        13,
        null,
        null,
        1,
        4,
        3,
        null,
        null,
        1,
        3,
        3,
        3,
        null,
        null,
        1,
        0,
        0,
        null,
        null,
        1,
        null,
        1,
        4,
        null,
        null,
        1,
        3,
        null,
        null,
        1,
        0,
        null,
        null
      ],
      "/Users/nickotter/Desktop/Coding/Google_Drive/Projects/oyster_card_challenge/spec/oyster_card_spec.rb": [
        1,
        1,
        1,
        null,
        1,
        3,
        1,
        1,
        null,
        1,
        1,
        1,
        null,
        1,
        1,
        1,
        null,
        1,
        1,
        null,
        null,
        null,
        1,
        1,
        1,
        null,
        1,
        1,
        1,
        null,
        1,
        1,
        2,
        null,
        null,
        null,
        1,
        1,
        2,
        null,
        null,
        1,
        3,
        3,
        1,
        3,
        null,
        1,
        1,
        null,
        null,
        null,
        null,
        1,
        1,
        1,
        1,
        0,
        0,
        null,
        1,
        1,
        0,
        null,
        1,
        1,
        0,
        null,
        1,
        1,
        0,
        0,
        null,
        1,
        1,
        null,
        null
      ],
      "/Users/nickotter/Desktop/Coding/Google_Drive/Projects/oyster_card_challenge/spec/station_spec.rb": [
        1,
        null,
        1,
        1,
        1,
        1,
        1,
        null,
        1,
        1,
        1,
        null,
        null,
        null
      ]
    },
    "timestamp": 1502434442
  }
}
